<?xml version="1.0" encoding="UTF-8"?>
<testExecutions version="1">
    <file path="D:\Development\SpeakerMeet.UI\src\services\__tests__\telemetry.service.test.js">
        <testCase name="telemetry.service applicationInsights should expose ai as a function" duration="10"/>
        <testCase name="telemetry.service applicationInsights should throw an error given browserHistory is null " duration="9"/>
        <testCase name="telemetry.service applicationInsights should throw an error given instrumentationKey is null " duration="2"/>
        <testCase name="telemetry.service applicationInsights should initialize without throwing an error" duration="2"/>
        <testCase name="telemetry.service getAppInsights should return appInsights" duration="1"/>
    </file>
    <file path="D:\Development\SpeakerMeet.UI\src\hooks\__tests__\useSpeakers.test.js">
        <testCase name="useSpeakers should behave correctly given request succeeds" duration="32"/>
        <testCase name="useSpeakers should behave correctly given request fails" duration="7"/>
    </file>
    <file path="D:\Development\SpeakerMeet.UI\src\hooks\__tests__\useCommunitiesFeatured.test.js">
        <testCase name="useCommunitiesFeatured should load featured communities given request success" duration="37"/>
        <testCase name="useCommunitiesFeatured should return error given request failed" duration="12"/>
    </file>
    <file path="D:\Development\SpeakerMeet.UI\src\hooks\__tests__\useCommunities.test.js">
        <testCase name="useCommunities should behave correctly given request succeeds" duration="47"/>
        <testCase name="useCommunities should behave correctly given request fails" duration="10"/>
    </file>
    <file path="D:\Development\SpeakerMeet.UI\src\hooks\__tests__\useSpeakersFeatured.test.js">
        <testCase name="useSpeakersFeatured should behave correctly given request succeeds" duration="89"/>
        <testCase name="useSpeakersFeatured should behave correctly given request fails" duration="7"/>
    </file>
    <file path="D:\Development\SpeakerMeet.UI\src\hooks\__tests__\useConferences.test.js">
        <testCase name="useConferences should behave correctly given request succeeds" duration="72"/>
        <testCase name="useConferences should behave correctly given request fails" duration="11"/>
    </file>
    <file path="D:\Development\SpeakerMeet.UI\src\hooks\__tests__\useConferencesFeatured.test.js">
        <testCase name="useConferencesFeatured should should behave correctly given request succeeds" duration="11"/>
        <testCase name="useConferencesFeatured should behave correctly given request fails" duration="23"/>
    </file>
    <file path="D:\Development\SpeakerMeet.UI\src\components\__tests__\ErrorSnackbar.test.js">
        <testCase name="ErrorSnackbar should not render given error is not passed" duration="55"/>
        <testCase name="ErrorSnackbar should render error message" duration="216"/>
    </file>
    <file path="D:\Development\SpeakerMeet.UI\src\components\__tests__\FeaturedSpeakers.test.js">
        <testCase name="FeaturedSpeakers should notify user of loading" duration="136"/>
        <testCase name="FeaturedSpeakers should render expected speaker fields" duration="215"/>
        <testCase name="FeaturedSpeakers should alert of error" duration="88"/>
    </file>
    <file path="D:\Development\SpeakerMeet.UI\src\components\__tests__\FeaturedCommunities.test.js">
        <testCase name="FeaturedCommunities should notify user of loading" duration="156"/>
        <testCase name="FeaturedCommunities should render expected community fields" duration="213"/>
        <testCase name="FeaturedCommunities should alert of error" duration="74"/>
    </file>
    <file path="D:\Development\SpeakerMeet.UI\src\components\__tests__\FeaturedConferences.test.js">
        <testCase name="FeaturedConferences should render loading" duration="206"/>
        <testCase name="FeaturedConferences should render conferences" duration="387"/>
        <testCase name="FeaturedConferences should render the error" duration="84"/>
    </file>
    <file path="D:\Development\SpeakerMeet.UI\src\pages\__tests__\Communities.test.js">
        <testCase name="Communities should render expected fields from list of returned communities" duration="409"/>
        <testCase name="Communities should render error message from failed fetch" duration="78"/>
    </file>
    <file path="D:\Development\SpeakerMeet.UI\src\pages\__tests__\Conferences.test.js">
        <testCase name="Conferences should render expected fields from list of returned conferences" duration="367"/>
        <testCase name="Conferences should render error message from failed fetch" duration="158"/>
    </file>
    <file path="D:\Development\SpeakerMeet.UI\src\pages\__tests__\Speakers.test.js">
        <testCase name="Speakers should render loading" duration="104"/>
        <testCase name="Speakers should render speakers" duration="190"/>
        <testCase name="Speakers should render the error" duration="91"/>
    </file>
    <file path="D:\Development\SpeakerMeet.UI\src\components\__tests__\FeaturedPost.test.js">
        <testCase name="FeaturedPost should render expected post fields" duration="131"/>
    </file>
    <file path="D:\Development\SpeakerMeet.UI\src\pages\__tests__\ConferenceDetail.test.js">
        <testCase name="ConferenceDetail should render the expected Conference fields" duration="434"/>
    </file>
    <file path="D:\Development\SpeakerMeet.UI\src\pages\__tests__\CommunityDetail.test.js">
        <testCase name="CommunityDetail should render the expected Community fields" duration="450"/>
    </file>
    <file path="D:\Development\SpeakerMeet.UI\src\pages\__tests__\SpeakerDetail.test.js">
        <testCase name="SpeakerDetail should render the expected Speaker fields" duration="480"/>
    </file>
    <file path="D:\Development\SpeakerMeet.UI\src\App.test.js">
        <testCase name="App tests renders App Menu!" duration="472"/>
    </file>
</testExecutions>